<?xml version="1.0" encoding="UTF-8"?>
<!-- Generated by org.testng.reporters.JUnitXMLReporter -->
<testsuite hostname="LAPTOP-BF3MID8S" ignored="1" name="Test" tests="2" failures="0" timestamp="2020-10-08T16:34:29 EDT" time="0.102" errors="0">
  <testcase name="carLoan" time="0.02" classname="CarLoan.CarLoanTest"/>
  <testcase name="carType" time="0.003" classname="CarLoan.CarLoanTest"/>
  <testcase name="homeLoan" time="0.0" classname="HomeLoan.HomeLoanTest">
    <ignored/>
  </testcase> <!-- homeLoan -->
</testsuite> <!-- Test -->
