<?xml version="1.0" encoding="UTF-8"?>
<testng-results skipped="0" failed="0" ignored="1" total="3" passed="2">
  <reporter-output>
  </reporter-output>
  <suite name="Suite" duration-ms="102" started-at="2020-10-08T16:34:29 EDT" finished-at="2020-10-08T16:34:29 EDT">
    <groups>
    </groups>
    <test name="Test" duration-ms="102" started-at="2020-10-08T16:34:29 EDT" finished-at="2020-10-08T16:34:29 EDT">
      <class name="CarLoan.CarLoanTest">
        <test-method status="PASS" signature="carLoan()[pri:0, instance:CarLoan.CarLoanTest@1dfe2924]" name="carLoan" duration-ms="20" started-at="2020-10-08T16:34:29 EDT" finished-at="2020-10-08T16:34:29 EDT">
          <reporter-output>
          </reporter-output>
        </test-method> <!-- carLoan -->
        <test-method status="PASS" signature="carType()[pri:0, instance:CarLoan.CarLoanTest@1dfe2924]" name="carType" duration-ms="3" started-at="2020-10-08T16:34:29 EDT" finished-at="2020-10-08T16:34:29 EDT">
          <reporter-output>
          </reporter-output>
        </test-method> <!-- carType -->
      </class> <!-- CarLoan.CarLoanTest -->
    </test> <!-- Test -->
  </suite> <!-- Suite -->
</testng-results>
